This file contains any messages produced by compilers while
running configure, to aid debugging if configure makes a mistake.

It was created by configure, which was
generated by GNU Autoconf 2.59.  Invocation command line was

  $ ./configure --with-uid=opennap --with-uid=opennap

## --------- ##
## Platform. ##
## --------- ##

hostname = panacea.theblackmoor.net
uname -m = i686
uname -r = 2.6.9-42.0.3.EL
uname -s = Linux
uname -v = #1 Fri Oct 6 05:59:54 CDT 2006

/usr/bin/uname -p = unknown
/bin/uname -X     = unknown

/bin/arch              = i686
/usr/bin/arch -k       = unknown
/usr/convex/getsysinfo = unknown
hostinfo               = unknown
/bin/machine           = unknown
/usr/bin/oslevel       = unknown
/bin/universe          = unknown

PATH: /usr/local/sbin
PATH: /usr/sbin
PATH: /sbin
PATH: /usr/local/lib/jdk/bin
PATH: /usr/local/lib/jre
PATH: /usr/local/teTeX/bin/i686-pc-linux-gnu/
PATH: /usr/kerberos/sbin
PATH: /usr/local/sbin
PATH: /usr/sbin
PATH: /sbin
PATH: /usr/local/lib/jdk/bin
PATH: /usr/local/lib/jre
PATH: /usr/local/teTeX/bin/i686-pc-linux-gnu/
PATH: /usr/local/sbin
PATH: /usr/sbin
PATH: /sbin
PATH: /usr/local/lib/jdk/bin
PATH: /usr/local/lib/jre
PATH: /usr/local/teTeX/bin/i686-pc-linux-gnu/
PATH: /usr/kerberos/bin
PATH: /usr/local/bin
PATH: /bin
PATH: /usr/bin
PATH: /usr/X11R6/bin


## ----------- ##
## Core tests. ##
## ----------- ##

configure:1358: checking build system type
configure:1376: result: i686-pc-linux-gnu
configure:1384: checking host system type
configure:1398: result: i686-pc-linux-gnu
configure:1406: checking target system type
configure:1420: result: i686-pc-linux-gnu
configure:1448: checking for a BSD-compatible install
configure:1503: result: /usr/bin/install -c
configure:1514: checking whether build environment is sane
configure:1557: result: yes
configure:1622: checking for gawk
configure:1638: found /bin/gawk
configure:1648: result: gawk
configure:1658: checking whether make sets $(MAKE)
configure:1678: result: yes
configure:1848: checking whether to enable maintainer-specific portions of Makefiles
configure:1857: result: no
configure:1918: checking for gcc
configure:1934: found /usr/bin/gcc
configure:1944: result: gcc
configure:2188: checking for C compiler version
configure:2191: gcc --version </dev/null >&5
gcc (GCC) 3.4.6 20060404 (Red Hat 3.4.6-3)
Copyright (C) 2006 Free Software Foundation, Inc.
This is free software; see the source for copying conditions.  There is NO
warranty; not even for MERCHANTABILITY or FITNESS FOR A PARTICULAR PURPOSE.

configure:2194: $? = 0
configure:2196: gcc -v </dev/null >&5
Reading specs from /usr/lib/gcc/i386-redhat-linux/3.4.6/specs
Configured with: ../configure --prefix=/usr --mandir=/usr/share/man --infodir=/usr/share/info --enable-shared --enable-threads=posix --disable-checking --with-system-zlib --enable-__cxa_atexit --disable-libunwind-exceptions --enable-java-awt=gtk --host=i386-redhat-linux
Thread model: posix
gcc version 3.4.6 20060404 (Red Hat 3.4.6-3)
configure:2199: $? = 0
configure:2201: gcc -V </dev/null >&5
gcc: `-V' option must have argument
configure:2204: $? = 1
configure:2227: checking for C compiler default output file name
configure:2230: gcc    conftest.c  >&5
configure:2233: $? = 0
configure:2279: result: a.out
configure:2284: checking whether the C compiler works
configure:2290: ./a.out
configure:2293: $? = 0
configure:2310: result: yes
configure:2317: checking whether we are cross compiling
configure:2319: result: no
configure:2322: checking for suffix of executables
configure:2324: gcc -o conftest    conftest.c  >&5
configure:2327: $? = 0
configure:2352: result: 
configure:2358: checking for suffix of object files
configure:2379: gcc -c   conftest.c >&5
configure:2382: $? = 0
configure:2404: result: o
configure:2408: checking whether we are using the GNU C compiler
configure:2432: gcc -c   conftest.c >&5
configure:2438: $? = 0
configure:2442: test -z 
			 || test ! -s conftest.err
configure:2445: $? = 0
configure:2448: test -s conftest.o
configure:2451: $? = 0
configure:2464: result: yes
configure:2470: checking whether gcc accepts -g
configure:2491: gcc -c -g  conftest.c >&5
configure:2497: $? = 0
configure:2501: test -z 
			 || test ! -s conftest.err
configure:2504: $? = 0
configure:2507: test -s conftest.o
configure:2510: $? = 0
configure:2521: result: yes
configure:2538: checking for gcc option to accept ANSI C
configure:2608: gcc  -c -g -O2  conftest.c >&5
configure:2614: $? = 0
configure:2618: test -z 
			 || test ! -s conftest.err
configure:2621: $? = 0
configure:2624: test -s conftest.o
configure:2627: $? = 0
configure:2645: result: none needed
configure:2663: gcc -c -g -O2  conftest.c >&5
conftest.c:2: error: syntax error before "me"
configure:2669: $? = 1
configure: failed program was:
| #ifndef __cplusplus
|   choke me
| #endif
configure:2813: checking for style of include used by make
configure:2841: result: GNU
configure:2869: checking dependency style of gcc
configure:2959: result: gcc3
configure:2989: checking for a BSD-compatible install
configure:3044: result: /usr/bin/install -c
configure:3059: checking for gawk
configure:3085: result: gawk
configure:3103: checking how to run the C preprocessor
configure:3138: gcc -E  conftest.c
configure:3144: $? = 0
configure:3176: gcc -E  conftest.c
conftest.c:11:28: ac_nonexistent.h: No such file or directory
configure:3182: $? = 1
configure: failed program was:
| /* confdefs.h.  */
| 
| #define PACKAGE_NAME ""
| #define PACKAGE_TARNAME ""
| #define PACKAGE_VERSION ""
| #define PACKAGE_STRING ""
| #define PACKAGE_BUGREPORT ""
| #define PACKAGE "opennap-ng"
| #define VERSION "0.50-beta2"
| /* end confdefs.h.  */
| #include <ac_nonexistent.h>
configure:3221: result: gcc -E
configure:3245: gcc -E  conftest.c
configure:3251: $? = 0
configure:3283: gcc -E  conftest.c
conftest.c:11:28: ac_nonexistent.h: No such file or directory
configure:3289: $? = 1
configure: failed program was:
| /* confdefs.h.  */
| 
| #define PACKAGE_NAME ""
| #define PACKAGE_TARNAME ""
| #define PACKAGE_VERSION ""
| #define PACKAGE_STRING ""
| #define PACKAGE_BUGREPORT ""
| #define PACKAGE "opennap-ng"
| #define VERSION "0.50-beta2"
| /* end confdefs.h.  */
| #include <ac_nonexistent.h>
configure:3333: checking for egrep
configure:3343: result: grep -E
configure:3350: checking for working alloca.h
configure:3371: gcc -o conftest -g -O2   conftest.c  >&5
configure:3377: $? = 0
configure:3381: test -z 
			 || test ! -s conftest.err
configure:3384: $? = 0
configure:3387: test -s conftest
configure:3390: $? = 0
configure:3402: result: yes
configure:3412: checking for alloca
configure:3453: gcc -o conftest -g -O2   conftest.c  >&5
configure:3459: $? = 0
configure:3463: test -z 
			 || test ! -s conftest.err
configure:3466: $? = 0
configure:3469: test -s conftest
configure:3472: $? = 0
configure:3484: result: yes
configure:3707: checking for ANSI C header files
configure:3732: gcc -c -g -O2  conftest.c >&5
configure:3738: $? = 0
configure:3742: test -z 
			 || test ! -s conftest.err
configure:3745: $? = 0
configure:3748: test -s conftest.o
configure:3751: $? = 0
configure:3840: gcc -o conftest -g -O2   conftest.c  >&5
configure:3843: $? = 0
configure:3845: ./conftest
configure:3848: $? = 0
configure:3863: result: yes
configure:3887: checking for sys/types.h
configure:3903: gcc -c -g -O2  conftest.c >&5
configure:3909: $? = 0
configure:3913: test -z 
			 || test ! -s conftest.err
configure:3916: $? = 0
configure:3919: test -s conftest.o
configure:3922: $? = 0
configure:3933: result: yes
configure:3887: checking for sys/stat.h
configure:3903: gcc -c -g -O2  conftest.c >&5
configure:3909: $? = 0
configure:3913: test -z 
			 || test ! -s conftest.err
configure:3916: $? = 0
configure:3919: test -s conftest.o
configure:3922: $? = 0
configure:3933: result: yes
configure:3887: checking for stdlib.h
configure:3903: gcc -c -g -O2  conftest.c >&5
configure:3909: $? = 0
configure:3913: test -z 
			 || test ! -s conftest.err
configure:3916: $? = 0
configure:3919: test -s conftest.o
configure:3922: $? = 0
configure:3933: result: yes
configure:3887: checking for string.h
configure:3903: gcc -c -g -O2  conftest.c >&5
configure:3909: $? = 0
configure:3913: test -z 
			 || test ! -s conftest.err
configure:3916: $? = 0
configure:3919: test -s conftest.o
configure:3922: $? = 0
configure:3933: result: yes
configure:3887: checking for memory.h
configure:3903: gcc -c -g -O2  conftest.c >&5
configure:3909: $? = 0
configure:3913: test -z 
			 || test ! -s conftest.err
configure:3916: $? = 0
configure:3919: test -s conftest.o
configure:3922: $? = 0
configure:3933: result: yes
configure:3887: checking for strings.h
configure:3903: gcc -c -g -O2  conftest.c >&5
configure:3909: $? = 0
configure:3913: test -z 
			 || test ! -s conftest.err
configure:3916: $? = 0
configure:3919: test -s conftest.o
configure:3922: $? = 0
configure:3933: result: yes
configure:3887: checking for inttypes.h
configure:3903: gcc -c -g -O2  conftest.c >&5
configure:3909: $? = 0
configure:3913: test -z 
			 || test ! -s conftest.err
configure:3916: $? = 0
configure:3919: test -s conftest.o
configure:3922: $? = 0
configure:3933: result: yes
configure:3887: checking for stdint.h
configure:3903: gcc -c -g -O2  conftest.c >&5
configure:3909: $? = 0
configure:3913: test -z 
			 || test ! -s conftest.err
configure:3916: $? = 0
configure:3919: test -s conftest.o
configure:3922: $? = 0
configure:3933: result: yes
configure:3887: checking for unistd.h
configure:3903: gcc -c -g -O2  conftest.c >&5
configure:3909: $? = 0
configure:3913: test -z 
			 || test ! -s conftest.err
configure:3916: $? = 0
configure:3919: test -s conftest.o
configure:3922: $? = 0
configure:3933: result: yes
configure:3972: checking arpa/inet.h usability
configure:3984: gcc -c -g -O2  conftest.c >&5
configure:3990: $? = 0
configure:3994: test -z 
			 || test ! -s conftest.err
configure:3997: $? = 0
configure:4000: test -s conftest.o
configure:4003: $? = 0
configure:4013: result: yes
configure:4017: checking arpa/inet.h presence
configure:4027: gcc -E  conftest.c
configure:4033: $? = 0
configure:4053: result: yes
configure:4088: checking for arpa/inet.h
configure:4095: result: yes
configure:3972: checking fcntl.h usability
configure:3984: gcc -c -g -O2  conftest.c >&5
configure:3990: $? = 0
configure:3994: test -z 
			 || test ! -s conftest.err
configure:3997: $? = 0
configure:4000: test -s conftest.o
configure:4003: $? = 0
configure:4013: result: yes
configure:4017: checking fcntl.h presence
configure:4027: gcc -E  conftest.c
configure:4033: $? = 0
configure:4053: result: yes
configure:4088: checking for fcntl.h
configure:4095: result: yes
configure:3972: checking limits.h usability
configure:3984: gcc -c -g -O2  conftest.c >&5
configure:3990: $? = 0
configure:3994: test -z 
			 || test ! -s conftest.err
configure:3997: $? = 0
configure:4000: test -s conftest.o
configure:4003: $? = 0
configure:4013: result: yes
configure:4017: checking limits.h presence
configure:4027: gcc -E  conftest.c
configure:4033: $? = 0
configure:4053: result: yes
configure:4088: checking for limits.h
configure:4095: result: yes
configure:3972: checking netdb.h usability
configure:3984: gcc -c -g -O2  conftest.c >&5
configure:3990: $? = 0
configure:3994: test -z 
			 || test ! -s conftest.err
configure:3997: $? = 0
configure:4000: test -s conftest.o
configure:4003: $? = 0
configure:4013: result: yes
configure:4017: checking netdb.h presence
configure:4027: gcc -E  conftest.c
configure:4033: $? = 0
configure:4053: result: yes
configure:4088: checking for netdb.h
configure:4095: result: yes
configure:3972: checking netinet/in.h usability
configure:3984: gcc -c -g -O2  conftest.c >&5
configure:3990: $? = 0
configure:3994: test -z 
			 || test ! -s conftest.err
configure:3997: $? = 0
configure:4000: test -s conftest.o
configure:4003: $? = 0
configure:4013: result: yes
configure:4017: checking netinet/in.h presence
configure:4027: gcc -E  conftest.c
configure:4033: $? = 0
configure:4053: result: yes
configure:4088: checking for netinet/in.h
configure:4095: result: yes
configure:3972: checking stddef.h usability
configure:3984: gcc -c -g -O2  conftest.c >&5
configure:3990: $? = 0
configure:3994: test -z 
			 || test ! -s conftest.err
configure:3997: $? = 0
configure:4000: test -s conftest.o
configure:4003: $? = 0
configure:4013: result: yes
configure:4017: checking stddef.h presence
configure:4027: gcc -E  conftest.c
configure:4033: $? = 0
configure:4053: result: yes
configure:4088: checking for stddef.h
configure:4095: result: yes
configure:3963: checking for stdlib.h
configure:3968: result: yes
configure:3963: checking for string.h
configure:3968: result: yes
configure:3963: checking for strings.h
configure:3968: result: yes
configure:3972: checking sys/socket.h usability
configure:3984: gcc -c -g -O2  conftest.c >&5
configure:3990: $? = 0
configure:3994: test -z 
			 || test ! -s conftest.err
configure:3997: $? = 0
configure:4000: test -s conftest.o
configure:4003: $? = 0
configure:4013: result: yes
configure:4017: checking sys/socket.h presence
configure:4027: gcc -E  conftest.c
configure:4033: $? = 0
configure:4053: result: yes
configure:4088: checking for sys/socket.h
configure:4095: result: yes
configure:3972: checking sys/time.h usability
configure:3984: gcc -c -g -O2  conftest.c >&5
configure:3990: $? = 0
configure:3994: test -z 
			 || test ! -s conftest.err
configure:3997: $? = 0
configure:4000: test -s conftest.o
configure:4003: $? = 0
configure:4013: result: yes
configure:4017: checking sys/time.h presence
configure:4027: gcc -E  conftest.c
configure:4033: $? = 0
configure:4053: result: yes
configure:4088: checking for sys/time.h
configure:4095: result: yes
configure:3972: checking syslog.h usability
configure:3984: gcc -c -g -O2  conftest.c >&5
configure:3990: $? = 0
configure:3994: test -z 
			 || test ! -s conftest.err
configure:3997: $? = 0
configure:4000: test -s conftest.o
configure:4003: $? = 0
configure:4013: result: yes
configure:4017: checking syslog.h presence
configure:4027: gcc -E  conftest.c
configure:4033: $? = 0
configure:4053: result: yes
configure:4088: checking for syslog.h
configure:4095: result: yes
configure:3963: checking for unistd.h
configure:3968: result: yes
configure:3972: checking sys/resource.h usability
configure:3984: gcc -c -g -O2  conftest.c >&5
configure:3990: $? = 0
configure:3994: test -z 
			 || test ! -s conftest.err
configure:3997: $? = 0
configure:4000: test -s conftest.o
configure:4003: $? = 0
configure:4013: result: yes
configure:4017: checking sys/resource.h presence
configure:4027: gcc -E  conftest.c
configure:4033: $? = 0
configure:4053: result: yes
configure:4088: checking for sys/resource.h
configure:4095: result: yes
configure:4145: checking for socklen_t
configure:4158: result: yes
configure:4170: checking whether byte ordering is bigendian
configure:4197: gcc -c -g -O2  conftest.c >&5
configure:4203: $? = 0
configure:4207: test -z 
			 || test ! -s conftest.err
configure:4210: $? = 0
configure:4213: test -s conftest.o
configure:4216: $? = 0
configure:4240: gcc -c -g -O2  conftest.c >&5
conftest.c: In function `main':
conftest.c:45: error: `not' undeclared (first use in this function)
conftest.c:45: error: (Each undeclared identifier is reported only once
conftest.c:45: error: for each function it appears in.)
conftest.c:45: error: syntax error before "big"
configure:4246: $? = 1
configure: failed program was:
| /* confdefs.h.  */
| 
| #define PACKAGE_NAME ""
| #define PACKAGE_TARNAME ""
| #define PACKAGE_VERSION ""
| #define PACKAGE_STRING ""
| #define PACKAGE_BUGREPORT ""
| #define PACKAGE "opennap-ng"
| #define VERSION "0.50-beta2"
| #define HAVE_ALLOCA_H 1
| #define HAVE_ALLOCA 1
| #define STDC_HEADERS 1
| #define HAVE_SYS_TYPES_H 1
| #define HAVE_SYS_STAT_H 1
| #define HAVE_STDLIB_H 1
| #define HAVE_STRING_H 1
| #define HAVE_MEMORY_H 1
| #define HAVE_STRINGS_H 1
| #define HAVE_INTTYPES_H 1
| #define HAVE_STDINT_H 1
| #define HAVE_UNISTD_H 1
| #define HAVE_ARPA_INET_H 1
| #define HAVE_FCNTL_H 1
| #define HAVE_LIMITS_H 1
| #define HAVE_NETDB_H 1
| #define HAVE_NETINET_IN_H 1
| #define HAVE_STDDEF_H 1
| #define HAVE_STDLIB_H 1
| #define HAVE_STRING_H 1
| #define HAVE_STRINGS_H 1
| #define HAVE_SYS_SOCKET_H 1
| #define HAVE_SYS_TIME_H 1
| #define HAVE_SYSLOG_H 1
| #define HAVE_UNISTD_H 1
| #define HAVE_SYS_RESOURCE_H 1
| #define HAVE_SOCKLEN_T 1
| /* end confdefs.h.  */
| #include <sys/types.h>
| #include <sys/param.h>
| 
| int
| main ()
| {
| #if BYTE_ORDER != BIG_ENDIAN
|  not big endian
| #endif
| 
|   ;
|   return 0;
| }
configure:4381: result: no
configure:4400: checking for long
configure:4424: gcc -c -g -O2  conftest.c >&5
configure:4430: $? = 0
configure:4434: test -z 
			 || test ! -s conftest.err
configure:4437: $? = 0
configure:4440: test -s conftest.o
configure:4443: $? = 0
configure:4454: result: yes
configure:4457: checking size of long
configure:4776: gcc -o conftest -g -O2   conftest.c  >&5
configure:4779: $? = 0
configure:4781: ./conftest
configure:4784: $? = 0
configure:4807: result: 4
configure:4818: checking for getopt
configure:4875: gcc -o conftest -g -O2   conftest.c  >&5
configure:4881: $? = 0
configure:4885: test -z 
			 || test ! -s conftest.err
configure:4888: $? = 0
configure:4891: test -s conftest
configure:4894: $? = 0
configure:4906: result: yes
configure:4932: checking for regcomp
configure:4989: gcc -o conftest -g -O2   conftest.c  >&5
configure:4995: $? = 0
configure:4999: test -z 
			 || test ! -s conftest.err
configure:5002: $? = 0
configure:5005: test -s conftest
configure:5008: $? = 0
configure:5020: result: yes
configure:4932: checking for alarm
configure:4989: gcc -o conftest -g -O2   conftest.c  >&5
configure:4995: $? = 0
configure:4999: test -z 
			 || test ! -s conftest.err
configure:5002: $? = 0
configure:5005: test -s conftest
configure:5008: $? = 0
configure:5020: result: yes
configure:4932: checking for syslog
configure:4989: gcc -o conftest -g -O2   conftest.c  >&5
configure:4995: $? = 0
configure:4999: test -z 
			 || test ! -s conftest.err
configure:5002: $? = 0
configure:5005: test -s conftest
configure:5008: $? = 0
configure:5020: result: yes
configure:5035: checking for compress2 in -lz
configure:5065: gcc -o conftest -g -O2   conftest.c -lz   >&5
configure:5071: $? = 0
configure:5075: test -z 
			 || test ! -s conftest.err
configure:5078: $? = 0
configure:5081: test -s conftest
configure:5084: $? = 0
configure:5097: result: yes
configure:5110: checking for gethostbyname in -lxnet
configure:5140: gcc -o conftest -g -O2   conftest.c -lxnet   -lz >&5
/usr/bin/ld: cannot find -lxnet
collect2: ld returned 1 exit status
configure:5146: $? = 1
configure: failed program was:
| /* confdefs.h.  */
| 
| #define PACKAGE_NAME ""
| #define PACKAGE_TARNAME ""
| #define PACKAGE_VERSION ""
| #define PACKAGE_STRING ""
| #define PACKAGE_BUGREPORT ""
| #define PACKAGE "opennap-ng"
| #define VERSION "0.50-beta2"
| #define HAVE_ALLOCA_H 1
| #define HAVE_ALLOCA 1
| #define STDC_HEADERS 1
| #define HAVE_SYS_TYPES_H 1
| #define HAVE_SYS_STAT_H 1
| #define HAVE_STDLIB_H 1
| #define HAVE_STRING_H 1
| #define HAVE_MEMORY_H 1
| #define HAVE_STRINGS_H 1
| #define HAVE_INTTYPES_H 1
| #define HAVE_STDINT_H 1
| #define HAVE_UNISTD_H 1
| #define HAVE_ARPA_INET_H 1
| #define HAVE_FCNTL_H 1
| #define HAVE_LIMITS_H 1
| #define HAVE_NETDB_H 1
| #define HAVE_NETINET_IN_H 1
| #define HAVE_STDDEF_H 1
| #define HAVE_STDLIB_H 1
| #define HAVE_STRING_H 1
| #define HAVE_STRINGS_H 1
| #define HAVE_SYS_SOCKET_H 1
| #define HAVE_SYS_TIME_H 1
| #define HAVE_SYSLOG_H 1
| #define HAVE_UNISTD_H 1
| #define HAVE_SYS_RESOURCE_H 1
| #define HAVE_SOCKLEN_T 1
| #define SIZEOF_LONG 4
| #define HAVE_GETOPT 1
| #define HAVE_REGCOMP 1
| #define HAVE_ALARM 1
| #define HAVE_SYSLOG 1
| /* end confdefs.h.  */
| 
| /* Override any gcc2 internal prototype to avoid an error.  */
| #ifdef __cplusplus
| extern "C"
| #endif
| /* We use char because int might match the return type of a gcc2
|    builtin and then its argument prototype would still apply.  */
| char gethostbyname ();
| int
| main ()
| {
| gethostbyname ();
|   ;
|   return 0;
| }
configure:5172: result: no
configure:5184: checking for socket in -lnsl
configure:5214: gcc -o conftest -g -O2   conftest.c -lnsl   -lz >&5
configure:5220: $? = 0
configure:5224: test -z 
			 || test ! -s conftest.err
configure:5227: $? = 0
configure:5230: test -s conftest
configure:5233: $? = 0
configure:5246: result: yes
configure:5258: checking for gethostbyname in -lsocket
configure:5288: gcc -o conftest -g -O2   conftest.c -lsocket  -lnsl  -lz >&5
/usr/bin/ld: cannot find -lsocket
collect2: ld returned 1 exit status
configure:5294: $? = 1
configure: failed program was:
| /* confdefs.h.  */
| 
| #define PACKAGE_NAME ""
| #define PACKAGE_TARNAME ""
| #define PACKAGE_VERSION ""
| #define PACKAGE_STRING ""
| #define PACKAGE_BUGREPORT ""
| #define PACKAGE "opennap-ng"
| #define VERSION "0.50-beta2"
| #define HAVE_ALLOCA_H 1
| #define HAVE_ALLOCA 1
| #define STDC_HEADERS 1
| #define HAVE_SYS_TYPES_H 1
| #define HAVE_SYS_STAT_H 1
| #define HAVE_STDLIB_H 1
| #define HAVE_STRING_H 1
| #define HAVE_MEMORY_H 1
| #define HAVE_STRINGS_H 1
| #define HAVE_INTTYPES_H 1
| #define HAVE_STDINT_H 1
| #define HAVE_UNISTD_H 1
| #define HAVE_ARPA_INET_H 1
| #define HAVE_FCNTL_H 1
| #define HAVE_LIMITS_H 1
| #define HAVE_NETDB_H 1
| #define HAVE_NETINET_IN_H 1
| #define HAVE_STDDEF_H 1
| #define HAVE_STDLIB_H 1
| #define HAVE_STRING_H 1
| #define HAVE_STRINGS_H 1
| #define HAVE_SYS_SOCKET_H 1
| #define HAVE_SYS_TIME_H 1
| #define HAVE_SYSLOG_H 1
| #define HAVE_UNISTD_H 1
| #define HAVE_SYS_RESOURCE_H 1
| #define HAVE_SOCKLEN_T 1
| #define SIZEOF_LONG 4
| #define HAVE_GETOPT 1
| #define HAVE_REGCOMP 1
| #define HAVE_ALARM 1
| #define HAVE_SYSLOG 1
| #define HAVE_LIBNSL 1
| /* end confdefs.h.  */
| 
| /* Override any gcc2 internal prototype to avoid an error.  */
| #ifdef __cplusplus
| extern "C"
| #endif
| /* We use char because int might match the return type of a gcc2
|    builtin and then its argument prototype would still apply.  */
| char gethostbyname ();
| int
| main ()
| {
| gethostbyname ();
|   ;
|   return 0;
| }
configure:5320: result: no
configure:5334: checking for working memcmp
configure:5382: gcc -o conftest -g -O2   conftest.c -lnsl  -lz >&5
configure:5385: $? = 0
configure:5387: ./conftest
configure:5390: $? = 0
configure:5404: result: yes
configure:5419: checking for vprintf
configure:5476: gcc -o conftest -g -O2   conftest.c -lnsl  -lz >&5
conftest.c:68: warning: conflicting types for built-in function 'vprintf'
configure:5482: $? = 0
configure:5486: test -z 
			 || test ! -s conftest.err
configure:5489: $? = 0
configure:5492: test -s conftest
configure:5495: $? = 0
configure:5507: result: yes
configure:5514: checking for _doprnt
configure:5571: gcc -o conftest -g -O2   conftest.c -lnsl  -lz >&5
/tmp/cc8NirVv.o(.text+0x14): In function `main':
/home/opennap/source/opennap-ng/conftest.c:85: undefined reference to `_doprnt'
/tmp/cc8NirVv.o(.data+0x0): undefined reference to `_doprnt'
collect2: ld returned 1 exit status
configure:5577: $? = 1
configure: failed program was:
| /* confdefs.h.  */
| 
| #define PACKAGE_NAME ""
| #define PACKAGE_TARNAME ""
| #define PACKAGE_VERSION ""
| #define PACKAGE_STRING ""
| #define PACKAGE_BUGREPORT ""
| #define PACKAGE "opennap-ng"
| #define VERSION "0.50-beta2"
| #define HAVE_ALLOCA_H 1
| #define HAVE_ALLOCA 1
| #define STDC_HEADERS 1
| #define HAVE_SYS_TYPES_H 1
| #define HAVE_SYS_STAT_H 1
| #define HAVE_STDLIB_H 1
| #define HAVE_STRING_H 1
| #define HAVE_MEMORY_H 1
| #define HAVE_STRINGS_H 1
| #define HAVE_INTTYPES_H 1
| #define HAVE_STDINT_H 1
| #define HAVE_UNISTD_H 1
| #define HAVE_ARPA_INET_H 1
| #define HAVE_FCNTL_H 1
| #define HAVE_LIMITS_H 1
| #define HAVE_NETDB_H 1
| #define HAVE_NETINET_IN_H 1
| #define HAVE_STDDEF_H 1
| #define HAVE_STDLIB_H 1
| #define HAVE_STRING_H 1
| #define HAVE_STRINGS_H 1
| #define HAVE_SYS_SOCKET_H 1
| #define HAVE_SYS_TIME_H 1
| #define HAVE_SYSLOG_H 1
| #define HAVE_UNISTD_H 1
| #define HAVE_SYS_RESOURCE_H 1
| #define HAVE_SOCKLEN_T 1
| #define SIZEOF_LONG 4
| #define HAVE_GETOPT 1
| #define HAVE_REGCOMP 1
| #define HAVE_ALARM 1
| #define HAVE_SYSLOG 1
| #define HAVE_LIBNSL 1
| #define HAVE_VPRINTF 1
| /* end confdefs.h.  */
| /* Define _doprnt to an innocuous variant, in case <limits.h> declares _doprnt.
|    For example, HP-UX 11i <limits.h> declares gettimeofday.  */
| #define _doprnt innocuous__doprnt
| 
| /* System header to define __stub macros and hopefully few prototypes,
|     which can conflict with char _doprnt (); below.
|     Prefer <limits.h> to <assert.h> if __STDC__ is defined, since
|     <limits.h> exists even on freestanding compilers.  */
| 
| #ifdef __STDC__
| # include <limits.h>
| #else
| # include <assert.h>
| #endif
| 
| #undef _doprnt
| 
| /* Override any gcc2 internal prototype to avoid an error.  */
| #ifdef __cplusplus
| extern "C"
| {
| #endif
| /* We use char because int might match the return type of a gcc2
|    builtin and then its argument prototype would still apply.  */
| char _doprnt ();
| /* The GNU C library defines this for functions which it implements
|     to always fail with ENOSYS.  Some functions are actually named
|     something starting with __ and the normal name is an alias.  */
| #if defined (__stub__doprnt) || defined (__stub____doprnt)
| choke me
| #else
| char (*f) () = _doprnt;
| #endif
| #ifdef __cplusplus
| }
| #endif
| 
| int
| main ()
| {
| return f != _doprnt;
|   ;
|   return 0;
| }
configure:5602: result: no
configure:5644: checking for mmap
configure:5701: gcc -o conftest -g -O2   conftest.c -lnsl  -lz >&5
configure:5707: $? = 0
configure:5711: test -z 
			 || test ! -s conftest.err
configure:5714: $? = 0
configure:5717: test -s conftest
configure:5720: $? = 0
configure:5732: result: yes
configure:5644: checking for mlockall
configure:5701: gcc -o conftest -g -O2   conftest.c -lnsl  -lz >&5
configure:5707: $? = 0
configure:5711: test -z 
			 || test ! -s conftest.err
configure:5714: $? = 0
configure:5717: test -s conftest
configure:5720: $? = 0
configure:5732: result: yes
configure:5644: checking for alarm
configure:5732: result: yes
configure:5644: checking for bzero
configure:5701: gcc -o conftest -g -O2   conftest.c -lnsl  -lz >&5
conftest.c:72: warning: conflicting types for built-in function 'bzero'
configure:5707: $? = 0
configure:5711: test -z 
			 || test ! -s conftest.err
configure:5714: $? = 0
configure:5717: test -s conftest
configure:5720: $? = 0
configure:5732: result: yes
configure:5644: checking for strsep
configure:5701: gcc -o conftest -g -O2   conftest.c -lnsl  -lz >&5
configure:5707: $? = 0
configure:5711: test -z 
			 || test ! -s conftest.err
configure:5714: $? = 0
configure:5717: test -s conftest
configure:5720: $? = 0
configure:5732: result: yes
configure:5644: checking for dup2
configure:5701: gcc -o conftest -g -O2   conftest.c -lnsl  -lz >&5
configure:5707: $? = 0
configure:5711: test -z 
			 || test ! -s conftest.err
configure:5714: $? = 0
configure:5717: test -s conftest
configure:5720: $? = 0
configure:5732: result: yes
configure:5644: checking for gethostbyname
configure:5701: gcc -o conftest -g -O2   conftest.c -lnsl  -lz >&5
configure:5707: $? = 0
configure:5711: test -z 
			 || test ! -s conftest.err
configure:5714: $? = 0
configure:5717: test -s conftest
configure:5720: $? = 0
configure:5732: result: yes
configure:5644: checking for gethostname
configure:5701: gcc -o conftest -g -O2   conftest.c -lnsl  -lz >&5
configure:5707: $? = 0
configure:5711: test -z 
			 || test ! -s conftest.err
configure:5714: $? = 0
configure:5717: test -s conftest
configure:5720: $? = 0
configure:5732: result: yes
configure:5644: checking for gettimeofday
configure:5701: gcc -o conftest -g -O2   conftest.c -lnsl  -lz >&5
configure:5707: $? = 0
configure:5711: test -z 
			 || test ! -s conftest.err
configure:5714: $? = 0
configure:5717: test -s conftest
configure:5720: $? = 0
configure:5732: result: yes
configure:5644: checking for inet_ntoa
configure:5701: gcc -o conftest -g -O2   conftest.c -lnsl  -lz >&5
configure:5707: $? = 0
configure:5711: test -z 
			 || test ! -s conftest.err
configure:5714: $? = 0
configure:5717: test -s conftest
configure:5720: $? = 0
configure:5732: result: yes
configure:5644: checking for memmove
configure:5701: gcc -o conftest -g -O2   conftest.c -lnsl  -lz >&5
conftest.c:79: warning: conflicting types for built-in function 'memmove'
configure:5707: $? = 0
configure:5711: test -z 
			 || test ! -s conftest.err
configure:5714: $? = 0
configure:5717: test -s conftest
configure:5720: $? = 0
configure:5732: result: yes
configure:5644: checking for memset
configure:5701: gcc -o conftest -g -O2   conftest.c -lnsl  -lz >&5
conftest.c:80: warning: conflicting types for built-in function 'memset'
configure:5707: $? = 0
configure:5711: test -z 
			 || test ! -s conftest.err
configure:5714: $? = 0
configure:5717: test -s conftest
configure:5720: $? = 0
configure:5732: result: yes
configure:5644: checking for re_comp
configure:5701: gcc -o conftest -g -O2   conftest.c -lnsl  -lz >&5
configure:5707: $? = 0
configure:5711: test -z 
			 || test ! -s conftest.err
configure:5714: $? = 0
configure:5717: test -s conftest
configure:5720: $? = 0
configure:5732: result: yes
configure:5644: checking for regcomp
configure:5732: result: yes
configure:5644: checking for select
configure:5701: gcc -o conftest -g -O2   conftest.c -lnsl  -lz >&5
configure:5707: $? = 0
configure:5711: test -z 
			 || test ! -s conftest.err
configure:5714: $? = 0
configure:5717: test -s conftest
configure:5720: $? = 0
configure:5732: result: yes
configure:5644: checking for socket
configure:5701: gcc -o conftest -g -O2   conftest.c -lnsl  -lz >&5
configure:5707: $? = 0
configure:5711: test -z 
			 || test ! -s conftest.err
configure:5714: $? = 0
configure:5717: test -s conftest
configure:5720: $? = 0
configure:5732: result: yes
configure:5644: checking for strcasecmp
configure:5701: gcc -o conftest -g -O2   conftest.c -lnsl  -lz >&5
configure:5707: $? = 0
configure:5711: test -z 
			 || test ! -s conftest.err
configure:5714: $? = 0
configure:5717: test -s conftest
configure:5720: $? = 0
configure:5732: result: yes
configure:5644: checking for strchr
configure:5701: gcc -o conftest -g -O2   conftest.c -lnsl  -lz >&5
conftest.c:86: warning: conflicting types for built-in function 'strchr'
configure:5707: $? = 0
configure:5711: test -z 
			 || test ! -s conftest.err
configure:5714: $? = 0
configure:5717: test -s conftest
configure:5720: $? = 0
configure:5732: result: yes
configure:5644: checking for strdup
configure:5701: gcc -o conftest -g -O2   conftest.c -lnsl  -lz >&5
conftest.c:87: warning: conflicting types for built-in function 'strdup'
configure:5707: $? = 0
configure:5711: test -z 
			 || test ! -s conftest.err
configure:5714: $? = 0
configure:5717: test -s conftest
configure:5720: $? = 0
configure:5732: result: yes
configure:5644: checking for strerror
configure:5701: gcc -o conftest -g -O2   conftest.c -lnsl  -lz >&5
configure:5707: $? = 0
configure:5711: test -z 
			 || test ! -s conftest.err
configure:5714: $? = 0
configure:5717: test -s conftest
configure:5720: $? = 0
configure:5732: result: yes
configure:5644: checking for strncasecmp
configure:5701: gcc -o conftest -g -O2   conftest.c -lnsl  -lz >&5
configure:5707: $? = 0
configure:5711: test -z 
			 || test ! -s conftest.err
configure:5714: $? = 0
configure:5717: test -s conftest
configure:5720: $? = 0
configure:5732: result: yes
configure:5644: checking for strpbrk
configure:5701: gcc -o conftest -g -O2   conftest.c -lnsl  -lz >&5
conftest.c:90: warning: conflicting types for built-in function 'strpbrk'
configure:5707: $? = 0
configure:5711: test -z 
			 || test ! -s conftest.err
configure:5714: $? = 0
configure:5717: test -s conftest
configure:5720: $? = 0
configure:5732: result: yes
configure:5644: checking for strrchr
configure:5701: gcc -o conftest -g -O2   conftest.c -lnsl  -lz >&5
conftest.c:91: warning: conflicting types for built-in function 'strrchr'
configure:5707: $? = 0
configure:5711: test -z 
			 || test ! -s conftest.err
configure:5714: $? = 0
configure:5717: test -s conftest
configure:5720: $? = 0
configure:5732: result: yes
configure:5644: checking for strtol
configure:5701: gcc -o conftest -g -O2   conftest.c -lnsl  -lz >&5
configure:5707: $? = 0
configure:5711: test -z 
			 || test ! -s conftest.err
configure:5714: $? = 0
configure:5717: test -s conftest
configure:5720: $? = 0
configure:5732: result: yes
configure:5644: checking for strtoul
configure:5701: gcc -o conftest -g -O2   conftest.c -lnsl  -lz >&5
configure:5707: $? = 0
configure:5711: test -z 
			 || test ! -s conftest.err
configure:5714: $? = 0
configure:5717: test -s conftest
configure:5720: $? = 0
configure:5732: result: yes
configure:5744: checking for an ANSI C-conforming const
configure:5811: gcc -c -g -O2  conftest.c >&5
configure:5817: $? = 0
configure:5821: test -z 
			 || test ! -s conftest.err
configure:5824: $? = 0
configure:5827: test -s conftest.o
configure:5830: $? = 0
configure:5841: result: yes
configure:5851: checking for size_t
configure:5875: gcc -c -g -O2  conftest.c >&5
configure:5881: $? = 0
configure:5885: test -z 
			 || test ! -s conftest.err
configure:5888: $? = 0
configure:5891: test -s conftest.o
configure:5894: $? = 0
configure:5905: result: yes
configure:5917: checking whether time.h and sys/time.h may both be included
configure:5942: gcc -c -g -O2  conftest.c >&5
configure:5948: $? = 0
configure:5952: test -z 
			 || test ! -s conftest.err
configure:5955: $? = 0
configure:5958: test -s conftest.o
configure:5961: $? = 0
configure:5972: result: yes
configure:5985: checking for shared and var directories and host_os
configure:6041: result: ${sysconfdir}/opennap-ng
configure:6044: result: ${localstatedir}/opennap-ng
configure:6110: checking whether running as a router
configure:6122: result: no
configure:6126: checking whether to disable pthread
configure:6138: result: no
configure:6141: checking for pthread_create in -lpthread
configure:6171: gcc -o conftest -W -Wall -Wmissing-prototypes -Wcast-align -pedantic -g -O2   conftest.c -lpthread  -lnsl  -lz >&5
configure:6177: $? = 0
configure:6181: test -z 
			 || test ! -s conftest.err
configure:6184: $? = 0
configure:6187: test -s conftest
configure:6190: $? = 0
configure:6203: result: yes
configure:6216: checking whether to disable polling
configure:6228: result: no
configure:6234: checking for poll
configure:6291: gcc -o conftest -W -Wall -Wmissing-prototypes -Wcast-align -pedantic -g -O2   conftest.c -lpthread -lnsl  -lz >&5
configure:6297: $? = 0
configure:6301: test -z 
			 || test ! -s conftest.err
configure:6304: $? = 0
configure:6307: test -s conftest
configure:6310: $? = 0
configure:6322: result: yes
configure:6334: checking whether to disable the &LOG channel
configure:6346: result: no
configure:6350: checking whether to run chrooted
configure:6364: result: no
configure:6368: checking whether to use the default uid(nobody)
configure:6378: result: no - using "opennap" uid
configure:6389: checking whether to use the default gid(nobody)
configure:6406: result: yes - using nobody gid
configure:6410: checking whether to disable invalid_clients variable
configure:6422: result: no
configure:6426: checking whether to disable invalid_nicks variable
configure:6438: result: no
configure:6442: checking whether to disable Elite protection
configure:6454: result: no
configure:6458: checking whether to disable client-server zlib compression
configure:6470: result: no
configure:6474: checking whether to disable the pid file
configure:6486: result: no
configure:6607: creating ./config.status

## ---------------------- ##
## Running config.status. ##
## ---------------------- ##

This file was extended by config.status, which was
generated by GNU Autoconf 2.59.  Invocation command line was

  CONFIG_FILES    = 
  CONFIG_HEADERS  = 
  CONFIG_LINKS    = 
  CONFIG_COMMANDS = 
  $ ./config.status 

on panacea.theblackmoor.net

config.status:710: creating Makefile
config.status:710: creating rpm/opennap-ng.spec
config.status:710: creating src/Makefile
config.status:814: creating src/config.h
config.status:1262: executing depfiles commands

## ---------------- ##
## Cache variables. ##
## ---------------- ##

ac_cv_build=i686-pc-linux-gnu
ac_cv_build_alias=i686-pc-linux-gnu
ac_cv_c_bigendian=no
ac_cv_c_compiler_gnu=yes
ac_cv_c_const=yes
ac_cv_env_CC_set=
ac_cv_env_CC_value=
ac_cv_env_CFLAGS_set=
ac_cv_env_CFLAGS_value=
ac_cv_env_CPPFLAGS_set=
ac_cv_env_CPPFLAGS_value=
ac_cv_env_CPP_set=
ac_cv_env_CPP_value=
ac_cv_env_LDFLAGS_set=
ac_cv_env_LDFLAGS_value=
ac_cv_env_build_alias_set=
ac_cv_env_build_alias_value=
ac_cv_env_host_alias_set=
ac_cv_env_host_alias_value=
ac_cv_env_target_alias_set=
ac_cv_env_target_alias_value=
ac_cv_exeext=
ac_cv_func__doprnt=no
ac_cv_func_alarm=yes
ac_cv_func_alloca_works=yes
ac_cv_func_bzero=yes
ac_cv_func_dup2=yes
ac_cv_func_gethostbyname=yes
ac_cv_func_gethostname=yes
ac_cv_func_getopt=yes
ac_cv_func_gettimeofday=yes
ac_cv_func_inet_ntoa=yes
ac_cv_func_memcmp_working=yes
ac_cv_func_memmove=yes
ac_cv_func_memset=yes
ac_cv_func_mlockall=yes
ac_cv_func_mmap=yes
ac_cv_func_poll=yes
ac_cv_func_re_comp=yes
ac_cv_func_regcomp=yes
ac_cv_func_select=yes
ac_cv_func_socket=yes
ac_cv_func_strcasecmp=yes
ac_cv_func_strchr=yes
ac_cv_func_strdup=yes
ac_cv_func_strerror=yes
ac_cv_func_strncasecmp=yes
ac_cv_func_strpbrk=yes
ac_cv_func_strrchr=yes
ac_cv_func_strsep=yes
ac_cv_func_strtol=yes
ac_cv_func_strtoul=yes
ac_cv_func_syslog=yes
ac_cv_func_vprintf=yes
ac_cv_header_arpa_inet_h=yes
ac_cv_header_fcntl_h=yes
ac_cv_header_inttypes_h=yes
ac_cv_header_limits_h=yes
ac_cv_header_memory_h=yes
ac_cv_header_netdb_h=yes
ac_cv_header_netinet_in_h=yes
ac_cv_header_stdc=yes
ac_cv_header_stddef_h=yes
ac_cv_header_stdint_h=yes
ac_cv_header_stdlib_h=yes
ac_cv_header_string_h=yes
ac_cv_header_strings_h=yes
ac_cv_header_sys_resource_h=yes
ac_cv_header_sys_socket_h=yes
ac_cv_header_sys_stat_h=yes
ac_cv_header_sys_time_h=yes
ac_cv_header_sys_types_h=yes
ac_cv_header_syslog_h=yes
ac_cv_header_time=yes
ac_cv_header_unistd_h=yes
ac_cv_host=i686-pc-linux-gnu
ac_cv_host_alias=i686-pc-linux-gnu
ac_cv_lib_nsl_socket=yes
ac_cv_lib_pthread_pthread_create=yes
ac_cv_lib_socket_gethostbyname=no
ac_cv_lib_xnet_gethostbyname=no
ac_cv_lib_z_compress2=yes
ac_cv_objext=o
ac_cv_path_install='/usr/bin/install -c'
ac_cv_prog_AWK=gawk
ac_cv_prog_CPP='gcc -E'
ac_cv_prog_ac_ct_CC=gcc
ac_cv_prog_cc_g=yes
ac_cv_prog_cc_stdc=
ac_cv_prog_egrep='grep -E'
ac_cv_prog_make_make_set=yes
ac_cv_sizeof_long=4
ac_cv_target=i686-pc-linux-gnu
ac_cv_target_alias=i686-pc-linux-gnu
ac_cv_type_long=yes
ac_cv_type_size_t=yes
ac_cv_warnings=yes
ac_cv_working_alloca_h=yes
am_cv_CC_dependencies_compiler_type=gcc3

## ----------------- ##
## Output variables. ##
## ----------------- ##

ACLOCAL='${SHELL} /home/opennap/source/opennap-ng/missing --run aclocal-1.9'
ALLOCA=''
AMDEPBACKSLASH='\'
AMDEP_FALSE='#'
AMDEP_TRUE=''
AMTAR='${SHELL} /home/opennap/source/opennap-ng/missing --run tar'
AUTOCONF='${SHELL} /home/opennap/source/opennap-ng/missing --run autoconf'
AUTOHEADER='${SHELL} /home/opennap/source/opennap-ng/missing --run autoheader'
AUTOMAKE='${SHELL} /home/opennap/source/opennap-ng/missing --run automake-1.9'
AWK='gawk'
CC='gcc'
CCDEPMODE='depmode=gcc3'
CFLAGS='-W -Wall -Wmissing-prototypes -Wcast-align -pedantic -g -O2'
CPP='gcc -E'
CPPFLAGS=''
CYGPATH_W='echo'
DEFS='-DHAVE_CONFIG_H'
DEPDIR='.deps'
ECHO_C=''
ECHO_N='-n'
ECHO_T=''
EGREP='grep -E'
EXEEXT=''
INSTALL_DATA='${INSTALL} -m 644'
INSTALL_PROGRAM='${INSTALL}'
INSTALL_SCRIPT='${INSTALL}'
INSTALL_STRIP_PROGRAM='${SHELL} $(install_sh) -c -s'
LDFLAGS=''
LIBOBJS=''
LIBS='-lpthread -lnsl  -lz'
LTLIBOBJS=''
MAINT='#'
MAINTAINER_MODE_FALSE=''
MAINTAINER_MODE_TRUE='#'
MAKEINFO='${SHELL} /home/opennap/source/opennap-ng/missing --run makeinfo'
OBJEXT='o'
PACKAGE='opennap-ng'
PACKAGE_BUGREPORT=''
PACKAGE_NAME=''
PACKAGE_STRING=''
PACKAGE_TARNAME=''
PACKAGE_VERSION=''
PATH_SEPARATOR=':'
REGEX=''
SET_MAKE=''
SHAREDIR='${sysconfdir}/opennap-ng'
SHELL='/bin/sh'
STRIP=''
VARDIR='${localstatedir}/opennap-ng'
VERSION='0.50-beta2'
ac_ct_CC='gcc'
ac_ct_STRIP=''
am__fastdepCC_FALSE='#'
am__fastdepCC_TRUE=''
am__include='include'
am__leading_dot='.'
am__quote=''
am__tar='${AMTAR} chof - "$$tardir"'
am__untar='${AMTAR} xf -'
bindir='${exec_prefix}/bin'
build='i686-pc-linux-gnu'
build_alias=''
build_cpu='i686'
build_os='linux-gnu'
build_vendor='pc'
datadir='${prefix}/share'
exec_prefix='${prefix}'
host='i686-pc-linux-gnu'
host_alias=''
host_cpu='i686'
host_os='linux-gnu'
host_vendor='pc'
includedir='${prefix}/include'
infodir='${prefix}/info'
install_sh='/home/opennap/source/opennap-ng/install-sh'
libdir='${exec_prefix}/lib'
libexecdir='${exec_prefix}/libexec'
localstatedir='${prefix}/var'
mandir='${prefix}/man'
mkdir_p='mkdir -p --'
oldincludedir='/usr/include'
prefix='/usr/local'
program_transform_name='s,x,x,'
sbindir='${exec_prefix}/sbin'
sharedstatedir='${prefix}/com'
sysconfdir='${prefix}/etc'
target='i686-pc-linux-gnu'
target_alias=''
target_cpu='i686'
target_os='linux-gnu'
target_vendor='pc'

## ----------- ##
## confdefs.h. ##
## ----------- ##

#define CSC 1
#define HAVE_ALARM 1
#define HAVE_ALARM 1
#define HAVE_ALLOCA 1
#define HAVE_ALLOCA_H 1
#define HAVE_ARPA_INET_H 1
#define HAVE_BZERO 1
#define HAVE_DUP2 1
#define HAVE_FCNTL_H 1
#define HAVE_GETHOSTBYNAME 1
#define HAVE_GETHOSTNAME 1
#define HAVE_GETOPT 1
#define HAVE_GETTIMEOFDAY 1
#define HAVE_INET_NTOA 1
#define HAVE_INTTYPES_H 1
#define HAVE_LIBNSL 1
#define HAVE_LIBPTHREAD 1
#define HAVE_LIMITS_H 1
#define HAVE_MEMMOVE 1
#define HAVE_MEMORY_H 1
#define HAVE_MEMSET 1
#define HAVE_MLOCKALL 1
#define HAVE_MMAP 1
#define HAVE_NETDB_H 1
#define HAVE_NETINET_IN_H 1
#define HAVE_POLL 1
#define HAVE_REGCOMP 1
#define HAVE_REGCOMP 1
#define HAVE_RE_COMP 1
#define HAVE_SELECT 1
#define HAVE_SOCKET 1
#define HAVE_SOCKLEN_T 1
#define HAVE_STDDEF_H 1
#define HAVE_STDINT_H 1
#define HAVE_STDLIB_H 1
#define HAVE_STDLIB_H 1
#define HAVE_STRCASECMP 1
#define HAVE_STRCHR 1
#define HAVE_STRDUP 1
#define HAVE_STRERROR 1
#define HAVE_STRINGS_H 1
#define HAVE_STRINGS_H 1
#define HAVE_STRING_H 1
#define HAVE_STRING_H 1
#define HAVE_STRNCASECMP 1
#define HAVE_STRPBRK 1
#define HAVE_STRRCHR 1
#define HAVE_STRSEP 1
#define HAVE_STRTOL 1
#define HAVE_STRTOUL 1
#define HAVE_SYSLOG 1
#define HAVE_SYSLOG_H 1
#define HAVE_SYS_RESOURCE_H 1
#define HAVE_SYS_SOCKET_H 1
#define HAVE_SYS_STAT_H 1
#define HAVE_SYS_TIME_H 1
#define HAVE_SYS_TYPES_H 1
#define HAVE_UNISTD_H 1
#define HAVE_UNISTD_H 1
#define HAVE_VPRINTF 1
#define LINUX 1
#define LOG_CHANNEL 1
#define PACKAGE "opennap-ng"
#define PACKAGE_BUGREPORT ""
#define PACKAGE_NAME ""
#define PACKAGE_STRING ""
#define PACKAGE_TARNAME ""
#define PACKAGE_VERSION ""
#define PID 1
#define POLL 1
#define POLL 1
#define SIZEOF_LONG 4
#define STDC_HEADERS 1
#define TIME_WITH_SYS_TIME 1
#define USE_GID "nobody"
#define USE_INVALID_CLIENTS 1
#define USE_INVALID_NICKS 1
#define USE_PROTNET 1
#define USE_UID "opennap"
#define VERSION "0.50-beta2"

configure: exit 0
